<?xml version="1.0" encoding="UTF-8"?>
<testng-results skipped="0" failed="1" ignored="4" total="10" passed="5">
  <reporter-output>
  </reporter-output>
  <suite name="All Test Suite" duration-ms="74941" started-at="2023-03-04T01:35:30 IST" finished-at="2023-03-04T01:36:45 IST">
    <groups>
    </groups>
    <test name="C:/Users/pande/OneDrive/Documents/Assignments_Batch_175/Selenium" duration-ms="74941" started-at="2023-03-04T01:35:30 IST" finished-at="2023-03-04T01:36:45 IST">
      <class name="com.bridgelabz.qa.seleniumconcepts.LaunchWebinar">
        <test-method status="PASS" signature="WebinarPage()[pri:3, instance:com.bridgelabz.qa.seleniumconcepts.LaunchWebinar@d44fc21]" name="WebinarPage" duration-ms="11245" started-at="2023-03-04T01:36:22 IST" finished-at="2023-03-04T01:36:33 IST">
          <reporter-output>
          </reporter-output>
        </test-method> <!-- WebinarPage -->
      </class> <!-- com.bridgelabz.qa.seleniumconcepts.LaunchWebinar -->
      <class name="com.bridgelabz.qa.seleniumconcepts.LinkedinFrameHandlings">
        <test-method status="FAIL" signature="signUp_Page()[pri:0, instance:com.bridgelabz.qa.seleniumconcepts.LinkedinFrameHandlings@51cdd8a]" name="signUp_Page" duration-ms="15067" started-at="2023-03-04T01:36:07 IST" finished-at="2023-03-04T01:36:22 IST">
          <exception class="org.openqa.selenium.UnhandledAlertException">
            <message>
              <![CDATA[Dismissed user prompt dialog: Welcome on Frame: 
Build info: version: '4.8.0', revision: '267030adea'
System info: os.name: 'Windows 11', os.arch: 'amd64', os.version: '10.0', java.version: '1.8.0_342'
Driver info: org.openqa.selenium.firefox.FirefoxDriver
Command: [ca237350-222d-4185-bc8d-b7195e313a79, findElements {using=tag name, value=iframe}]
Capabilities {acceptInsecureCerts: true, browserName: firefox, browserVersion: 110.0.1, moz:accessibilityChecks: false, moz:buildID: 20230227191043, moz:debuggerAddress: 127.0.0.1:30590, moz:geckodriverVersion: 0.32.2, moz:headless: false, moz:platformVersion: 10.0, moz:processID: 40336, moz:profile: C:\Users\pande\AppData\Loca..., moz:shutdownTimeout: 60000, moz:useNonSpecCompliantPointerOrigin: false, moz:webdriverClick: true, moz:windowless: false, pageLoadStrategy: normal, platformName: WINDOWS, proxy: Proxy(), se:cdp: ws://127.0.0.1:30590/devtoo..., se:cdpVersion: 85.0, setWindowRect: true, strictFileInteractability: false, timeouts: {implicit: 0, pageLoad: 300000, script: 30000}, unhandledPromptBehavior: dismiss and notify}
Session ID: ca237350-222d-4185-bc8d-b7195e313a79]]>
            </message>
            <full-stacktrace>
              <![CDATA[org.openqa.selenium.UnhandledAlertException: Dismissed user prompt dialog: Welcome on Frame: 
Build info: version: '4.8.0', revision: '267030adea'
System info: os.name: 'Windows 11', os.arch: 'amd64', os.version: '10.0', java.version: '1.8.0_342'
Driver info: org.openqa.selenium.firefox.FirefoxDriver
Command: [ca237350-222d-4185-bc8d-b7195e313a79, findElements {using=tag name, value=iframe}]
Capabilities {acceptInsecureCerts: true, browserName: firefox, browserVersion: 110.0.1, moz:accessibilityChecks: false, moz:buildID: 20230227191043, moz:debuggerAddress: 127.0.0.1:30590, moz:geckodriverVersion: 0.32.2, moz:headless: false, moz:platformVersion: 10.0, moz:processID: 40336, moz:profile: C:\Users\pande\AppData\Loca..., moz:shutdownTimeout: 60000, moz:useNonSpecCompliantPointerOrigin: false, moz:webdriverClick: true, moz:windowless: false, pageLoadStrategy: normal, platformName: WINDOWS, proxy: Proxy(), se:cdp: ws://127.0.0.1:30590/devtoo..., se:cdpVersion: 85.0, setWindowRect: true, strictFileInteractability: false, timeouts: {implicit: 0, pageLoad: 300000, script: 30000}, unhandledPromptBehavior: dismiss and notify}
Session ID: ca237350-222d-4185-bc8d-b7195e313a79
at org.openqa.selenium.remote.codec.w3c.W3CHttpResponseCodec.decode(W3CHttpResponseCodec.java:131)
at org.openqa.selenium.remote.codec.w3c.W3CHttpResponseCodec.decode(W3CHttpResponseCodec.java:53)
at org.openqa.selenium.remote.HttpCommandExecutor.execute(HttpCommandExecutor.java:184)
at org.openqa.selenium.remote.service.DriverCommandExecutor.invokeExecute(DriverCommandExecutor.java:167)
at org.openqa.selenium.remote.service.DriverCommandExecutor.execute(DriverCommandExecutor.java:142)
at org.openqa.selenium.remote.RemoteWebDriver.execute(RemoteWebDriver.java:543)
at org.openqa.selenium.remote.ElementLocation$ElementFinder$2.findElements(ElementLocation.java:179)
at org.openqa.selenium.remote.ElementLocation.findElements(ElementLocation.java:102)
at org.openqa.selenium.remote.RemoteWebDriver.findElements(RemoteWebDriver.java:367)
at org.openqa.selenium.remote.RemoteWebDriver.findElements(RemoteWebDriver.java:359)
at com.bridgelabz.qa.seleniumconcepts.LinkedinFrameHandlings.signUp_Page(LinkedinFrameHandlings.java:42)
at sun.reflect.NativeMethodAccessorImpl.invoke0(Native Method)
at sun.reflect.NativeMethodAccessorImpl.invoke(NativeMethodAccessorImpl.java:62)
at sun.reflect.DelegatingMethodAccessorImpl.invoke(DelegatingMethodAccessorImpl.java:43)
at java.lang.reflect.Method.invoke(Method.java:498)
at org.testng.internal.invokers.MethodInvocationHelper.invokeMethod(MethodInvocationHelper.java:135)
at org.testng.internal.invokers.TestInvoker.invokeMethod(TestInvoker.java:673)
at org.testng.internal.invokers.TestInvoker.invokeTestMethod(TestInvoker.java:220)
at org.testng.internal.invokers.MethodRunner.runInSequence(MethodRunner.java:50)
at org.testng.internal.invokers.TestInvoker$MethodInvocationAgent.invoke(TestInvoker.java:945)
at org.testng.internal.invokers.TestInvoker.invokeTestMethods(TestInvoker.java:193)
at org.testng.internal.invokers.TestMethodWorker.invokeTestMethods(TestMethodWorker.java:146)
at org.testng.internal.invokers.TestMethodWorker.run(TestMethodWorker.java:128)
at java.util.ArrayList.forEach(ArrayList.java:1259)
at org.testng.TestRunner.privateRun(TestRunner.java:808)
at org.testng.TestRunner.run(TestRunner.java:603)
at org.testng.SuiteRunner.runTest(SuiteRunner.java:429)
at org.testng.SuiteRunner.runSequentially(SuiteRunner.java:423)
at org.testng.SuiteRunner.privateRun(SuiteRunner.java:383)
at org.testng.SuiteRunner.run(SuiteRunner.java:326)
at org.testng.SuiteRunnerWorker.runSuite(SuiteRunnerWorker.java:52)
at org.testng.SuiteRunnerWorker.run(SuiteRunnerWorker.java:95)
at org.testng.TestNG.runSuitesSequentially(TestNG.java:1249)
at org.testng.TestNG.runSuitesLocally(TestNG.java:1169)
at org.testng.TestNG.runSuites(TestNG.java:1092)
at org.testng.TestNG.run(TestNG.java:1060)
at com.intellij.rt.testng.IDEARemoteTestNG.run(IDEARemoteTestNG.java:66)
at com.intellij.rt.testng.RemoteTestNGStarter.main(RemoteTestNGStarter.java:109)
]]>
            </full-stacktrace>
          </exception> <!-- org.openqa.selenium.UnhandledAlertException -->
          <reporter-output>
          </reporter-output>
        </test-method> <!-- signUp_Page -->
      </class> <!-- com.bridgelabz.qa.seleniumconcepts.LinkedinFrameHandlings -->
      <class name="com.bridgelabz.qa.seleniumconcepts.FacebookSelect">
        <test-method status="PASS" signature="setUp(java.lang.String)[pri:0, instance:com.bridgelabz.qa.seleniumconcepts.FacebookSelect@694e1548]" name="setUp" is-config="true" duration-ms="5106" started-at="2023-03-04T01:35:30 IST" finished-at="2023-03-04T01:35:35 IST">
          <params>
            <param index="0">
              <value>
                <![CDATA[Chrome]]>
              </value>
            </param>
          </params>
          <reporter-output>
          </reporter-output>
        </test-method> <!-- setUp -->
        <test-method status="PASS" signature="SignUpFbPage_Success()[pri:1, instance:com.bridgelabz.qa.seleniumconcepts.FacebookSelect@694e1548]" name="SignUpFbPage_Success" duration-ms="30363" started-at="2023-03-04T01:35:35 IST" finished-at="2023-03-04T01:36:05 IST">
          <reporter-output>
          </reporter-output>
        </test-method> <!-- SignUpFbPage_Success -->
        <test-method status="PASS" signature="NavigateOnFbSignUpPage_Success()[pri:2, instance:com.bridgelabz.qa.seleniumconcepts.FacebookSelect@694e1548]" name="NavigateOnFbSignUpPage_Success" duration-ms="1133" started-at="2023-03-04T01:36:05 IST" finished-at="2023-03-04T01:36:07 IST">
          <reporter-output>
          </reporter-output>
        </test-method> <!-- NavigateOnFbSignUpPage_Success -->
        <test-method status="PASS" signature="TearDown()[pri:0, instance:com.bridgelabz.qa.seleniumconcepts.FacebookSelect@694e1548]" name="TearDown" is-config="true" duration-ms="564" started-at="2023-03-04T01:36:44 IST" finished-at="2023-03-04T01:36:45 IST">
          <reporter-output>
          </reporter-output>
        </test-method> <!-- TearDown -->
      </class> <!-- com.bridgelabz.qa.seleniumconcepts.FacebookSelect -->
      <class name="com.bridgelabz.qa.seleniumconcepts.RobotClass">
        <test-method status="PASS" signature="using_Robot_class()[pri:0, instance:com.bridgelabz.qa.seleniumconcepts.RobotClass@2d6eabae]" name="using_Robot_class" duration-ms="8412" started-at="2023-03-04T01:36:36 IST" finished-at="2023-03-04T01:36:44 IST">
          <reporter-output>
          </reporter-output>
        </test-method> <!-- using_Robot_class -->
      </class> <!-- com.bridgelabz.qa.seleniumconcepts.RobotClass -->
      <class name="com.bridgelabz.qa.seleniumconcepts.LocatorsDemo">
        <test-method status="PASS" signature="locatorsDemo()[pri:0, instance:com.bridgelabz.qa.seleniumconcepts.LocatorsDemo@23faf8f2]" name="locatorsDemo" duration-ms="2937" started-at="2023-03-04T01:36:33 IST" finished-at="2023-03-04T01:36:36 IST">
          <reporter-output>
          </reporter-output>
        </test-method> <!-- locatorsDemo -->
      </class> <!-- com.bridgelabz.qa.seleniumconcepts.LocatorsDemo -->
    </test> <!-- C:/Users/pande/OneDrive/Documents/Assignments_Batch_175/Selenium -->
  </suite> <!-- All Test Suite -->
</testng-results>
